try to load checkpoint from /scratch-shared/mmiddelkoop/SANE/data/tune_zoo_cifar10_uniform_large/NN_tune_trainable_da045_00398_398_seed=399_2021-09-26_12-27-49/checkpoint_50/checkpoints
[2m[36m(load_checkpoints_remote pid=347786)[0m try to load checkpoint from /scratch-shared/mmiddelkoop/SANE/data/tune_zoo_cifar10_uniform_large/NN_tune_trainable_da045_00746_746_seed=747_2021-09-27_07-16-52/checkpoint_10/checkpoints
[2m[36m(load_checkpoints_remote pid=347786)[0m try to load checkpoint from /scratch-shared/mmiddelkoop/SANE/data/tune_zoo_cifar10_uniform_large/NN_tune_trainable_da045_00203_203_seed=204_2021-09-26_00-04-29/checkpoint_50/checkpoints[32m [repeated 288x across cluster] (Ray deduplicates logs by default. Set RAY_DEDUP_LOGS=0 to disable log deduplication, or see https://docs.ray.io/en/master/ray-observability/ray-logging.html#log-deduplication for more options.)[0m
[2m[36m(load_checkpoints_remote pid=347788)[0m try to load checkpoint from /scratch-shared/mmiddelkoop/SANE/data/tune_zoo_cifar10_uniform_large/NN_tune_trainable_da045_00108_108_seed=109_2021-09-25_18-47-28/checkpoint_45/checkpoints[32m [repeated 299x across cluster][0m
[2m[36m(load_checkpoints_remote pid=347786)[0m try to load checkpoint from /scratch-shared/mmiddelkoop/SANE/data/tune_zoo_cifar10_uniform_large/NN_tune_trainable_da045_00713_713_seed=714_2021-09-27_05-46-29/checkpoint_5/checkpoints[32m [repeated 268x across cluster][0m
[2m[36m(load_checkpoints_remote pid=347788)[0m try to load checkpoint from /scratch-shared/mmiddelkoop/SANE/data/tune_zoo_cifar10_uniform_large/NN_tune_trainable_da045_00309_309_seed=310_2021-09-26_06-37-36/checkpoint_10/checkpoints[32m [repeated 313x across cluster][0m
[2m[36m(load_checkpoints_remote pid=347780)[0m try to load checkpoint from /scratch-shared/mmiddelkoop/SANE/data/tune_zoo_cifar10_uniform_large/NN_tune_trainable_da045_00883_883_seed=884_2021-09-27_13-28-29/checkpoint_40/checkpoints[32m [repeated 249x across cluster][0m
[2m[36m(load_checkpoints_remote pid=347786)[0m try to load checkpoint from /scratch-shared/mmiddelkoop/SANE/data/tune_zoo_cifar10_uniform_large/NN_tune_trainable_da045_00560_560_seed=561_2021-09-26_22-09-45/checkpoint_35/checkpoints[32m [repeated 359x across cluster][0m
[2m[36m(load_checkpoints_remote pid=347790)[0m try to load checkpoint from /scratch-shared/mmiddelkoop/SANE/data/tune_zoo_cifar10_uniform_large/NN_tune_trainable_da045_00094_94_seed=95_2021-09-25_17-15-42/checkpoint_35/checkpoints[32m [repeated 245x across cluster][0m
[2m[36m(load_checkpoints_remote pid=347780)[0m try to load checkpoint from /scratch-shared/mmiddelkoop/SANE/data/tune_zoo_cifar10_uniform_large/NN_tune_trainable_da045_00315_315_seed=316_2021-09-26_07-19-33/checkpoint_25/checkpoints[32m [repeated 273x across cluster][0m
[2m[36m(load_checkpoints_remote pid=347785)[0m try to load checkpoint from /scratch-shared/mmiddelkoop/SANE/data/tune_zoo_cifar10_uniform_large/NN_tune_trainable_da045_00658_658_seed=659_2021-09-27_03-11-52/checkpoint_10/checkpoints[32m [repeated 395x across cluster][0m
[2m[36m(load_checkpoints_remote pid=347787)[0m try to load checkpoint from /scratch-shared/mmiddelkoop/SANE/data/tune_zoo_cifar10_uniform_large/NN_tune_trainable_da045_00761_761_seed=762_2021-09-27_07-51-01/checkpoint_35/checkpoints[32m [repeated 162x across cluster][0m
[2m[36m(load_checkpoints_remote pid=347786)[0m try to load checkpoint from /scratch-shared/mmiddelkoop/SANE/data/tune_zoo_cifar10_uniform_large/NN_tune_trainable_da045_00575_575_seed=576_2021-09-26_22-57-51/checkpoint_15/checkpoints[32m [repeated 210x across cluster][0m
[2m[36m(load_checkpoints_remote pid=347786)[0m try to load checkpoint from /scratch-shared/mmiddelkoop/SANE/data/tune_zoo_cifar10_uniform_large/NN_tune_trainable_da045_00189_189_seed=190_2021-09-25_23-18-49/checkpoint_20/checkpoints[32m [repeated 191x across cluster][0m
[2m[36m(load_checkpoints_remote pid=347787)[0m try to load checkpoint from /scratch-shared/mmiddelkoop/SANE/data/tune_zoo_cifar10_uniform_large/NN_tune_trainable_da045_00165_165_seed=166_2021-09-25_21-51-34/checkpoint_40/checkpoints[32m [repeated 164x across cluster][0m
[2m[36m(load_checkpoints_remote pid=347786)[0m try to load checkpoint from /scratch-shared/mmiddelkoop/SANE/data/tune_zoo_cifar10_uniform_large/NN_tune_trainable_da045_00905_905_seed=906_2021-09-27_14-31-43/checkpoint_50/checkpoints[32m [repeated 229x across cluster][0m
[2m[36m(load_checkpoints_remote pid=347791)[0m try to load checkpoint from /scratch-shared/mmiddelkoop/SANE/data/tune_zoo_cifar10_uniform_large/NN_tune_trainable_da045_00531_531_seed=532_2021-09-26_20-37-44/checkpoint_25/checkpoints[32m [repeated 238x across cluster][0m
[2m[36m(load_checkpoints_remote pid=347782)[0m try to load checkpoint from /scratch-shared/mmiddelkoop/SANE/data/tune_zoo_cifar10_uniform_large/NN_tune_trainable_da045_00735_735_seed=736_2021-09-27_06-47-47/checkpoint_25/checkpoints[32m [repeated 174x across cluster][0m
[2m[36m(load_checkpoints_remote pid=347786)[0m try to load checkpoint from /scratch-shared/mmiddelkoop/SANE/data/tune_zoo_cifar10_uniform_large/NN_tune_trainable_da045_00702_702_seed=703_2021-09-27_05-15-22/checkpoint_30/checkpoints[32m [repeated 311x across cluster][0m
[2m[36m(load_checkpoints_remote pid=347780)[0m try to load checkpoint from /scratch-shared/mmiddelkoop/SANE/data/tune_zoo_cifar10_uniform_large/NN_tune_trainable_da045_00317_317_seed=318_2021-09-26_07-20-00/checkpoint_45/checkpoints[32m [repeated 340x across cluster][0m
[2m[36m(load_checkpoints_remote pid=347786)[0m try to load checkpoint from /scratch-shared/mmiddelkoop/SANE/data/tune_zoo_cifar10_uniform_large/NN_tune_trainable_da045_00510_510_seed=511_2021-09-26_19-10-30/checkpoint_50/checkpoints[32m [repeated 349x across cluster][0m
[2m[36m(load_checkpoints_remote pid=347788)[0m try to load checkpoint from /scratch-shared/mmiddelkoop/SANE/data/tune_zoo_cifar10_uniform_large/NN_tune_trainable_da045_00432_432_seed=433_2021-09-26_14-38-42/checkpoint_35/checkpoints[32m [repeated 316x across cluster][0m
[2m[36m(load_checkpoints_remote pid=347788)[0m try to load checkpoint from /scratch-shared/mmiddelkoop/SANE/data/tune_zoo_cifar10_uniform_large/NN_tune_trainable_da045_00729_729_seed=730_2021-09-27_06-19-22/checkpoint_40/checkpoints[32m [repeated 292x across cluster][0m
[2m[36m(load_checkpoints_remote pid=347782)[0m try to load checkpoint from /scratch-shared/mmiddelkoop/SANE/data/tune_zoo_cifar10_uniform_large/NN_tune_trainable_da045_00614_614_seed=615_2021-09-27_01-32-01/checkpoint_10/checkpoints[32m [repeated 199x across cluster][0m
[2m[36m(load_checkpoints_remote pid=347786)[0m try to load checkpoint from /scratch-shared/mmiddelkoop/SANE/data/tune_zoo_cifar10_uniform_large/NN_tune_trainable_da045_00479_479_seed=480_2021-09-26_16-59-20/checkpoint_10/checkpoints[32m [repeated 623x across cluster][0m
[2m[36m(load_checkpoints_remote pid=347785)[0m try to load checkpoint from /scratch-shared/mmiddelkoop/SANE/data/tune_zoo_cifar10_uniform_large/NN_tune_trainable_da045_00941_941_seed=942_2021-09-27_16-13-49/checkpoint_40/checkpoints[32m [repeated 429x across cluster][0m
[2m[36m(load_checkpoints_remote pid=347788)[0m try to load checkpoint from /scratch-shared/mmiddelkoop/SANE/data/tune_zoo_cifar10_uniform_large/NN_tune_trainable_da045_00156_156_seed=157_2021-09-25_21-08-48/checkpoint_50/checkpoints[32m [repeated 83x across cluster][0m
preparing computing canon form...
try to load checkpoint from /scratch-shared/mmiddelkoop/SANE/data/tune_zoo_cifar10_uniform_large/NN_tune_trainable_da045_00398_398_seed=399_2021-09-26_12-27-49/checkpoint_50/checkpoints
[2m[36m(load_checkpoints_remote pid=603981)[0m try to load checkpoint from /scratch-shared/mmiddelkoop/SANE/data/tune_zoo_cifar10_uniform_large/NN_tune_trainable_da045_00569_569_seed=570_2021-09-26_22-54-28/checkpoint_5/checkpoints
[2m[36m(load_checkpoints_remote pid=603981)[0m 
[2m[36m(load_checkpoints_remote pid=603981)[0m try to load checkpoint from /scratch-shared/mmiddelkoop/SANE/data/tune_zoo_cifar10_uniform_large/NN_tune_trainable_da045_00781_781_seed=782_2021-09-27_08-51-12/checkpoint_5/checkpoints[32m [repeated 210x across cluster][0m
[2m[36m(load_checkpoints_remote pid=603981)[0m try to load checkpoint from /scratch-shared/mmiddelkoop/SANE/data/tune_zoo_cifar10_uniform_large/NN_tune_trainable_da045_00232_232_seed=233_2021-09-26_02-12-51/checkpoint_5/checkpoints[32m [repeated 160x across cluster][0m
[2m[36m(load_checkpoints_remote pid=603981)[0m try to load checkpoint from /scratch-shared/mmiddelkoop/SANE/data/tune_zoo_cifar10_uniform_large/NN_tune_trainable_da045_00765_765_seed=766_2021-09-27_07-53-30/checkpoint_10/checkpoints[32m [repeated 70x across cluster][0m
[2m[36m(load_checkpoints_remote pid=603981)[0m try to load checkpoint from /scratch-shared/mmiddelkoop/SANE/data/tune_zoo_cifar10_uniform_large/NN_tune_trainable_da045_00449_449_seed=450_2021-09-26_15-27-40/checkpoint_40/checkpoints[32m [repeated 136x across cluster][0m
[2m[36m(load_checkpoints_remote pid=603981)[0m try to load checkpoint from /scratch-shared/mmiddelkoop/SANE/data/tune_zoo_cifar10_uniform_large/NN_tune_trainable_da045_00485_485_seed=486_2021-09-26_17-40-37/checkpoint_40/checkpoints[32m [repeated 200x across cluster][0m
[2m[36m(load_checkpoints_remote pid=603992)[0m try to load checkpoint from /scratch-shared/mmiddelkoop/SANE/data/tune_zoo_cifar10_uniform_large/NN_tune_trainable_da045_00795_795_seed=796_2021-09-27_09-25-41/checkpoint_50/checkpoints[32m [repeated 153x across cluster][0m
[2m[36m(load_checkpoints_remote pid=603981)[0m try to load checkpoint from /scratch-shared/mmiddelkoop/SANE/data/tune_zoo_cifar10_uniform_large/NN_tune_trainable_da045_00028_28_seed=29_2021-09-25_13-17-06/checkpoint_30/checkpoints[32m [repeated 215x across cluster][0m
[2m[36m(load_checkpoints_remote pid=603981)[0m try to load checkpoint from /scratch-shared/mmiddelkoop/SANE/data/tune_zoo_cifar10_uniform_large/NN_tune_trainable_da045_00664_664_seed=665_2021-09-27_03-40-32/checkpoint_10/checkpoints[32m [repeated 126x across cluster][0m
[2m[36m(load_checkpoints_remote pid=603987)[0m try to load checkpoint from /scratch-shared/mmiddelkoop/SANE/data/tune_zoo_cifar10_uniform_large/NN_tune_trainable_da045_00970_970_seed=971_2021-09-27_17-29-59/checkpoint_40/checkpoints[32m [repeated 229x across cluster][0m
preparing computing canon form...
try to load checkpoint from /scratch-shared/mmiddelkoop/SANE/data/tune_zoo_cifar10_uniform_large/NN_tune_trainable_da045_00398_398_seed=399_2021-09-26_12-27-49/checkpoint_50/checkpoints
[2m[36m(load_checkpoints_remote pid=610193)[0m try to load checkpoint from /scratch-shared/mmiddelkoop/SANE/data/tune_zoo_cifar10_uniform_large/NN_tune_trainable_da045_00353_353_seed=354_2021-09-26_09-32-08/checkpoint_30/checkpoints
[2m[36m(load_checkpoints_remote pid=610188)[0m try to load checkpoint from /scratch-shared/mmiddelkoop/SANE/data/tune_zoo_cifar10_uniform_large/NN_tune_trainable_da045_00972_972_seed=973_2021-09-27_17-48-59/checkpoint_40/checkpoints[32m [repeated 147x across cluster][0m
[2m[36m(load_checkpoints_remote pid=610182)[0m try to load checkpoint from /scratch-shared/mmiddelkoop/SANE/data/tune_zoo_cifar10_uniform_large/NN_tune_trainable_da045_00764_764_seed=765_2021-09-27_07-53-22/checkpoint_5/checkpoints[32m [repeated 133x across cluster][0m
[2m[36m(load_checkpoints_remote pid=610185)[0m try to load checkpoint from /scratch-shared/mmiddelkoop/SANE/data/tune_zoo_cifar10_uniform_large/NN_tune_trainable_da045_00171_171_seed=172_2021-09-25_22-34-04/checkpoint_30/checkpoints[32m [repeated 112x across cluster][0m
[2m[36m(load_checkpoints_remote pid=610191)[0m try to load checkpoint from /scratch-shared/mmiddelkoop/SANE/data/tune_zoo_cifar10_uniform_large/NN_tune_trainable_da045_00351_351_seed=352_2021-09-26_09-31-54/checkpoint_20/checkpoints[32m [repeated 97x across cluster][0m
[2m[36m(load_checkpoints_remote pid=610192)[0m try to load checkpoint from /scratch-shared/mmiddelkoop/SANE/data/tune_zoo_cifar10_uniform_large/NN_tune_trainable_da045_00427_427_seed=428_2021-09-26_13-59-14/checkpoint_5/checkpoints[32m [repeated 137x across cluster][0m
[2m[36m(load_checkpoints_remote pid=610189)[0m try to load checkpoint from /scratch-shared/mmiddelkoop/SANE/data/tune_zoo_cifar10_uniform_large/NN_tune_trainable_da045_00947_947_seed=948_2021-09-27_16-22-06/checkpoint_5/checkpoints[32m [repeated 144x across cluster][0m
[2m[36m(load_checkpoints_remote pid=610186)[0m try to load checkpoint from /scratch-shared/mmiddelkoop/SANE/data/tune_zoo_cifar10_uniform_large/NN_tune_trainable_da045_00421_421_seed=422_2021-09-26_13-55-42/checkpoint_15/checkpoints[32m [repeated 132x across cluster][0m
[2m[36m(load_checkpoints_remote pid=610184)[0m try to load checkpoint from /scratch-shared/mmiddelkoop/SANE/data/tune_zoo_cifar10_uniform_large/NN_tune_trainable_da045_00097_97_seed=98_2021-09-25_18-00-09/checkpoint_45/checkpoints[32m [repeated 164x across cluster][0m
[2m[36m(load_checkpoints_remote pid=610184)[0m try to load checkpoint from /scratch-shared/mmiddelkoop/SANE/data/tune_zoo_cifar10_uniform_large/NN_tune_trainable_da045_00598_598_seed=599_2021-09-27_00-25-18/checkpoint_45/checkpoints[32m [repeated 151x across cluster][0m
[2m[36m(load_checkpoints_remote pid=610189)[0m try to load checkpoint from /scratch-shared/mmiddelkoop/SANE/data/tune_zoo_cifar10_uniform_large/NN_tune_trainable_da045_00858_858_seed=859_2021-09-27_12-15-26/checkpoint_30/checkpoints[32m [repeated 196x across cluster][0m
[2m[36m(load_checkpoints_remote pid=610190)[0m try to load checkpoint from /scratch-shared/mmiddelkoop/SANE/data/tune_zoo_cifar10_uniform_large/NN_tune_trainable_da045_00281_281_seed=282_2021-09-26_05-07-49/checkpoint_50/checkpoints[32m [repeated 86x across cluster][0m
preparing computing canon form...
